#
# A fatal error has been detected by the Java Runtime Environment:
#
#  SIGSEGV (0xb) at pc=0x000000010f634cdc, pid=29125, tid=19971
#
# JRE version: 7.0_09-b05
# Java VM: Java HotSpot(TM) 64-Bit Server VM (23.5-b02 mixed mode bsd-amd64 compressed oops)
# Problematic frame:
# V  [libjvm.dylib+0x25ecdc]
#
# Failed to write core dump. Core dumps have been disabled. To enable core dumping, try "ulimit -c unlimited" before starting Java again
#
# If you would like to submit a bug report, please visit:
#   http://bugreport.sun.com/bugreport/crash.jsp
#

---------------  T H R E A D  ---------------

Current thread (0x00007fb44189b000):  JavaThread "JDWP Transport Listener: dt_socket" daemon [_thread_in_vm, id=19971, stack(0x00000001724d7000,0x00000001725d7000)]

siginfo:si_signo=SIGSEGV: si_errno=0, si_code=1 (SEGV_MAPERR), si_addr=0x000000000000000c

Registers:
RAX=0x0000000000000000, RBX=0x000000015132b670, RCX=0x000000000000000c, RDX=0x0000000000000000
RSP=0x00000001725d6a70, RBP=0x00000001725d6a70, RSI=0x00007fb4414e4548, RDI=0x000000015132b670
R8 =0x0000000000000018, R9 =0x0000000000000010, R10=0x0000000000000000, R11=0x00007fb4414a2bc0
R12=0x00007fb44189b000, R13=0x00007fb4414a2f80, R14=0x0000000000000000, R15=0x0000000000000000
RIP=0x000000010f634cdc, EFLAGS=0x0000000000010202, ERR=0x0000000000000004
  TRAPNO=0x000000000000000e

Top of Stack: (sp=0x00000001725d6a70)
0x00000001725d6a70:   00000001725d6aa0 000000010f665416
0x00000001725d6a80:   0000000000000000 0000000000000000
0x00000001725d6a90:   000000015132b670 00007fb44189b1d8
0x00000001725d6aa0:   00000001725d6b10 000000010f674c0d
0x00000001725d6ab0:   00007fb44189b000 00007fb44189b000
0x00000001725d6ac0:   0000000000000000 0000000000000000
0x00000001725d6ad0:   00007fb44189b1d8 00007fb44189b000
0x00000001725d6ae0:   00007fb44189b000 00000001725d6b68
0x00000001725d6af0:   00007fb4414e4548 00007fb4414a2f80
0x00000001725d6b00:   00000001725d6cf0 00007fb44189b1d8
0x00000001725d6b10:   00000001725d6b40 000000010ffc565e
0x00000001725d6b20:   00000001725d6cf0 000000010ffe5da4
0x00000001725d6b30:   00000001725d6b68 000000010fff1568
0x00000001725d6b40:   00000001725d6d60 000000010ffcc75e
0x00000001725d6b50:   0000170e00000013 0000000000010a00
0x00000001725d6b60:   00007fb44145f710 00000001725d6bb8
0x00000001725d6b70:   000000010000012c 00000001725d6b80
0x00000001725d6b80:   00007fb400000000 00000001725d6bb8
0x00000001725d6b90:   0000000000000000 00007f0000000000
0x00000001725d6ba0:   0000170e0000000f 0000000100002980
0x00000001725d6bb0:   00000001725d6bb8 0000000031000000
0x00000001725d6bc0:   0e00000000000000 0000000004000000
0x00000001725d6bd0:   5702000000000000 0400000000000000
0x00000001725d6be0:   00000000090c0000 5902000009000000
0x00000001725d6bf0:   0e00000000000000 00000e005a020000
0x00000001725d6c00:   0001020010000000 0010000000000000
0x00000001725d6c10:   0068230242b47f00 0025010000000000
0x00000001725d6c20:   0103001000000000 1200000000000000
0x00000001725d6c30:   c8230242b47f0000 7a00000000000000
0x00000001725d6c40:   0400100000000000 0000000000000001
0x00000001725d6c50:   230242b47f000013 ffffffffffffffd8
0x00000001725d6c60:   00100000000000ff 0000000000000105 

Instructions: (pc=0x000000010f634cdc)
0x000000010f634cbc:   eb 16 48 8d 35 6b 38 45 00 8a 4e 08 48 d3 e2 48
0x000000010f634ccc:   03 16 eb 04 48 8b 14 0f 84 c0 0f 94 c0 0f b6 c0
0x000000010f634cdc:   8b 44 82 0c 5d c3 8b 04 07 5d c3 90 55 48 89 e5
0x000000010f634cec:   48 83 ec 10 48 83 ce 01 48 89 75 f0 8b 47 68 8b 

Register to memory mapping:

RAX=0x0000000000000000 is an unknown value
RBX=0x000000015132b670 is an oop
java.lang.String 
 - klass: 'java/lang/String'
RCX=0x000000000000000c is an unknown value
RDX=0x0000000000000000 is an unknown value
RSP=0x00000001725d6a70 is pointing into the stack for thread: 0x00007fb44189b000
RBP=0x00000001725d6a70 is pointing into the stack for thread: 0x00007fb44189b000
RSI=0x00007fb4414e4548 is a global jni handle
RDI=0x000000015132b670 is an oop
java.lang.String 
 - klass: 'java/lang/String'
R8 =0x0000000000000018 is an unknown value
R9 =0x0000000000000010 is an unknown value
R10=0x0000000000000000 is an unknown value
R11=0x00007fb4414a2bc0 is an unknown value
R12=0x00007fb44189b000 is a thread
R13=0x00007fb4414a2f80 is an unknown value
R14=0x0000000000000000 is an unknown value
R15=0x0000000000000000 is an unknown value


Stack: [0x00000001724d7000,0x00000001725d7000],  sp=0x00000001725d6a70,  free space=1022k
Native frames: (J=compiled Java code, j=interpreted, Vv=VM code, C=native code)
V  [libjvm.dylib+0x25ecdc]
V  [libjvm.dylib+0x28f416]
V  [libjvm.dylib+0x29ec0d]
C  [libjdwp.dylib+0x765e]  value+0x96
C  [libjdwp.dylib+0xe75e]  debugLoop_run+0x1ce
C  [libjdwp.dylib+0x1f1ba]  attachThread+0x4d
V  [libjvm.dylib+0x30ba86]
V  [libjvm.dylib+0x478694]
V  [libjvm.dylib+0x479b7a]
V  [libjvm.dylib+0x3b5595]
C  [libsystem_c.dylib+0x14782]  _pthread_start+0x147
C  [libsystem_c.dylib+0x11c1]  thread_start+0xd


---------------  P R O C E S S  ---------------

Java Threads: ( => current thread )
  0x00007fb442850000 JavaThread "ReaderThread" [_thread_in_native, id=21763, stack(0x0000000172c98000,0x0000000172d98000)]
  0x00007fb44281a800 JavaThread "Service Thread" daemon [_thread_blocked, id=21251, stack(0x00000001729e6000,0x0000000172ae6000)]
  0x00007fb442819800 JavaThread "C2 CompilerThread1" daemon [_thread_blocked, id=20995, stack(0x00000001728e3000,0x00000001729e3000)]
  0x00007fb442819000 JavaThread "C2 CompilerThread0" daemon [_thread_blocked, id=20739, stack(0x00000001727e0000,0x00000001728e0000)]
  0x00007fb44189d000 JavaThread "JDWP Command Reader" daemon [_thread_in_native, id=20483, stack(0x00000001726dd000,0x00000001727dd000)]
  0x00007fb44189c800 JavaThread "JDWP Event Helper Thread" daemon [_thread_blocked, id=20227, stack(0x00000001725da000,0x00000001726da000)]
=>0x00007fb44189b000 JavaThread "JDWP Transport Listener: dt_socket" daemon [_thread_in_vm, id=19971, stack(0x00000001724d7000,0x00000001725d7000)]
  0x00007fb441894000 JavaThread "Signal Dispatcher" daemon [_thread_blocked, id=19715, stack(0x00000001723d4000,0x00000001724d4000)]
  0x00007fb44186a800 JavaThread "Finalizer" daemon [_thread_blocked, id=15107, stack(0x0000000172074000,0x0000000172174000)]
  0x00007fb441864800 JavaThread "Reference Handler" daemon [_thread_blocked, id=14851, stack(0x0000000171f71000,0x0000000172071000)]
  0x00007fb44180e000 JavaThread "main" [_thread_blocked, id=5891, stack(0x000000010fe7e000,0x000000010ff7e000)]

Other Threads:
  0x00007fb441861800 VMThread [stack: 0x0000000171e6e000,0x0000000171f6e000] [id=14595]
  0x00007fb44189e000 WatcherThread [stack: 0x0000000172ae9000,0x0000000172be9000] [id=21507]

VM state:not at safepoint (normal execution)

VM Mutex/Monitor currently owned by a thread: None

Heap
 PSYoungGen      total 25408K, used 5243K [0x0000000150e20000, 0x0000000152a70000, 0x000000016d370000)
  eden space 21824K, 24% used [0x0000000150e20000,0x000000015133ee38,0x0000000152370000)
  from space 3584K, 0% used [0x00000001526f0000,0x00000001526f0000,0x0000000152a70000)
  to   space 3584K, 0% used [0x0000000152370000,0x0000000152370000,0x00000001526f0000)
 ParOldGen       total 57984K, used 0K [0x0000000118370000, 0x000000011bc10000, 0x0000000150e20000)
  object space 57984K, 0% used [0x0000000118370000,0x0000000118370000,0x000000011bc10000)
 PSPermGen       total 21248K, used 5458K [0x0000000113170000, 0x0000000114630000, 0x0000000118370000)
  object space 21248K, 25% used [0x0000000113170000,0x00000001136c4b98,0x0000000114630000)

Card table byte_map: [0x000000016d370000,0x000000016d642000] byte_map_base: 0x000000016cad7480

Polling page: 0x000000010ffbd000

Code Cache  [0x0000000110094000, 0x0000000110304000, 0x0000000113094000)
 total_blobs=241 nmethods=24 adapters=178 free_code_cache=48699Kb largest_free_block=49852096

Compilation events (10 events):
Event: 1.503 Thread 0x00007fb442819800 nmethod 20 0x00000001100fe8d0 code [0x00000001100fea20, 0x00000001100fecb8]
Event: 1.527 Thread 0x00007fb442819000 nmethod 19 0x0000000110104c90 code [0x0000000110104e00, 0x0000000110105928]
Event: 1.536 Thread 0x00007fb442819800   21             sun.net.www.ParseUtil::encodePath (336 bytes)
Event: 1.560 Thread 0x00007fb442819000   22             java.lang.String::replace (127 bytes)
Event: 1.586 Thread 0x00007fb442819800 nmethod 21 0x0000000110105bd0 code [0x0000000110105e40, 0x0000000110107118]
Event: 1.620 Thread 0x00007fb442819000 nmethod 22 0x00000001100fe050 code [0x00000001100fe1c0, 0x00000001100fe6d8]
Event: 1.685 Thread 0x00007fb442819800   23             java.io.DataOutputStream::writeUTF (435 bytes)
Event: 1.719 Thread 0x00007fb442819000   24             java.lang.Math::min (11 bytes)
Event: 1.719 Thread 0x00007fb442819000 nmethod 24 0x00000001100f5590 code [0x00000001100f56c0, 0x00000001100f56f8]
Event: 1.791 Thread 0x00007fb442819800 nmethod 23 0x0000000110107c90 code [0x0000000110107e40, 0x0000000110108bc8]

GC Heap History (0 events):
No events

Deoptimization events (0 events):
No events

Internal exceptions (10 events):
Event: 1.751 Thread 0x00007fb44180e000 Threw 0x0000000151302c68 at /HUDSON/workspace/jdk7u9-2-build-macosx-amd64-product/jdk7u9/hotspot/src/share/vm/prims/jvm.cpp:1166
Event: 1.752 Thread 0x00007fb44180e000 Threw 0x00000001513064e0 at /HUDSON/workspace/jdk7u9-2-build-macosx-amd64-product/jdk7u9/hotspot/src/share/vm/prims/jvm.cpp:1166
Event: 1.753 Thread 0x00007fb44180e000 Threw 0x000000015130b0b8 at /HUDSON/workspace/jdk7u9-2-build-macosx-amd64-product/jdk7u9/hotspot/src/share/vm/prims/jvm.cpp:1166
Event: 1.774 Thread 0x00007fb44180e000 Threw 0x000000015130f988 at /HUDSON/workspace/jdk7u9-2-build-macosx-amd64-product/jdk7u9/hotspot/src/share/vm/prims/jvm.cpp:1166
Event: 1.776 Thread 0x00007fb44180e000 Threw 0x0000000151313f28 at /HUDSON/workspace/jdk7u9-2-build-macosx-amd64-product/jdk7u9/hotspot/src/share/vm/prims/jvm.cpp:1166
Event: 1.777 Thread 0x00007fb44180e000 Threw 0x0000000151317da8 at /HUDSON/workspace/jdk7u9-2-build-macosx-amd64-product/jdk7u9/hotspot/src/share/vm/prims/jvm.cpp:1166
Event: 1.780 Thread 0x00007fb44180e000 Threw 0x000000015131cc38 at /HUDSON/workspace/jdk7u9-2-build-macosx-amd64-product/jdk7u9/hotspot/src/share/vm/prims/jvm.cpp:1166
Event: 1.815 Thread 0x00007fb44180e000 Threw 0x00000001513213f8 at /HUDSON/workspace/jdk7u9-2-build-macosx-amd64-product/jdk7u9/hotspot/src/share/vm/prims/jvm.cpp:1166
Event: 1.816 Thread 0x00007fb44180e000 Threw 0x0000000151323c58 at /HUDSON/workspace/jdk7u9-2-build-macosx-amd64-product/jdk7u9/hotspot/src/share/vm/prims/jvm.cpp:1166
Event: 1.817 Thread 0x00007fb44180e000 Threw 0x0000000151326ad8 at /HUDSON/workspace/jdk7u9-2-build-macosx-amd64-product/jdk7u9/hotspot/src/share/vm/prims/jvm.cpp:1166

Events (10 events):
Event: 56.225 Executing VM operation: EnterInterpOnlyMode
Event: 56.225 Executing VM operation: EnterInterpOnlyMode done
Event: 56.225 Executing VM operation: GetCurrentLocation
Event: 56.225 Executing VM operation: GetCurrentLocation done
Event: 56.225 Executing VM operation: ChangeSingleStep
Event: 56.225 Executing VM operation: ChangeSingleStep done
Event: 56.228 Executing VM operation: ChangeSingleStep
Event: 56.228 Executing VM operation: ChangeSingleStep done
Event: 56.544 Executing VM operation: GetOrSetLocal
Event: 56.544 Executing VM operation: GetOrSetLocal done


Dynamic libraries:
0x00000000087dc000 	/System/Library/Frameworks/Cocoa.framework/Versions/A/Cocoa
0x00000000087dc000 	/System/Library/Frameworks/Security.framework/Versions/A/Security
0x00000000087dc000 	/System/Library/Frameworks/ApplicationServices.framework/Versions/A/ApplicationServices
0x00000000087dc000 	/usr/lib/libz.1.dylib
0x00000000087dc000 	/usr/lib/libSystem.B.dylib
0x00000000087dc000 	/usr/lib/libobjc.A.dylib
0x00000000087dc000 	/System/Library/Frameworks/CoreFoundation.framework/Versions/A/CoreFoundation
0x00000000087dc000 	/System/Library/Frameworks/AppKit.framework/Versions/C/AppKit
0x00000000087dc000 	/System/Library/Frameworks/CoreData.framework/Versions/A/CoreData
0x00000000087dc000 	/System/Library/Frameworks/Foundation.framework/Versions/C/Foundation
0x00000000087dc000 	/System/Library/PrivateFrameworks/RemoteViewServices.framework/Versions/A/RemoteViewServices
0x00000000087dc000 	/System/Library/Frameworks/AudioToolbox.framework/Versions/A/AudioToolbox
0x00000000087dc000 	/System/Library/Frameworks/AudioUnit.framework/Versions/A/AudioUnit
0x00000000087dc000 	/System/Library/PrivateFrameworks/DataDetectorsCore.framework/Versions/A/DataDetectorsCore
0x00000000087dc000 	/System/Library/PrivateFrameworks/DesktopServicesPriv.framework/Versions/A/DesktopServicesPriv
0x00000000087dc000 	/System/Library/Frameworks/Carbon.framework/Versions/A/Frameworks/HIToolbox.framework/Versions/A/HIToolbox
0x00000000087dc000 	/System/Library/Frameworks/QuartzCore.framework/Versions/A/QuartzCore
0x00000000087dc000 	/System/Library/Frameworks/Carbon.framework/Versions/A/Frameworks/SpeechRecognition.framework/Versions/A/SpeechRecognition
0x00000000087dc000 	/usr/lib/libauto.dylib
0x00000000087dc000 	/usr/lib/libicucore.A.dylib
0x00000000087dc000 	/usr/lib/libxml2.2.dylib
0x00000000087dc000 	/System/Library/PrivateFrameworks/CoreUI.framework/Versions/A/CoreUI
0x00000000087dc000 	/System/Library/Frameworks/CoreAudio.framework/Versions/A/CoreAudio
0x00000000087dc000 	/System/Library/Frameworks/DiskArbitration.framework/Versions/A/DiskArbitration
0x00000000087dc000 	/usr/lib/liblangid.dylib
0x00000000087dc000 	/System/Library/PrivateFrameworks/MultitouchSupport.framework/Versions/A/MultitouchSupport
0x00000000087dc000 	/System/Library/Frameworks/IOKit.framework/Versions/A/IOKit
0x00000000087dc000 	/usr/lib/libDiagnosticMessagesClient.dylib
0x00000000087dc000 	/System/Library/Frameworks/CoreServices.framework/Versions/A/CoreServices
0x00000000087dc000 	/System/Library/PrivateFrameworks/PerformanceAnalysis.framework/Versions/A/PerformanceAnalysis
0x00000000087dc000 	/System/Library/PrivateFrameworks/GenerationalStorage.framework/Versions/A/GenerationalStorage
0x00000000087dc000 	/System/Library/Frameworks/OpenGL.framework/Versions/A/OpenGL
0x00000000087dc000 	/System/Library/Frameworks/CoreText.framework/Versions/A/CoreText
0x00000000087dc000 	/System/Library/Frameworks/ImageIO.framework/Versions/A/ImageIO
0x00000000087dc000 	/System/Library/PrivateFrameworks/Backup.framework/Versions/A/Backup
0x00000000087dc000 	/System/Library/Frameworks/CFNetwork.framework/Versions/A/CFNetwork
0x00000000087dc000 	/System/Library/Frameworks/SystemConfiguration.framework/Versions/A/SystemConfiguration
0x00000000087dc000 	/usr/lib/libCRFSuite.dylib
0x00000000087dc000 	/System/Library/PrivateFrameworks/TCC.framework/Versions/A/TCC
0x00000000087dc000 	/usr/lib/libc++.1.dylib
0x00000000087dc000 	/usr/lib/libc++abi.dylib
0x00000000087dc000 	/usr/lib/system/libcache.dylib
0x00000000087dc000 	/usr/lib/system/libcommonCrypto.dylib
0x00000000087dc000 	/usr/lib/system/libcompiler_rt.dylib
0x00000000087dc000 	/usr/lib/system/libcopyfile.dylib
0x00000000087dc000 	/usr/lib/system/libdispatch.dylib
0x00000000087dc000 	/usr/lib/system/libdnsinfo.dylib
0x00000000087dc000 	/usr/lib/system/libdyld.dylib
0x00000000087dc000 	/usr/lib/system/libkeymgr.dylib
0x00000000087dc000 	/usr/lib/system/liblaunch.dylib
0x00000000087dc000 	/usr/lib/system/libmacho.dylib
0x00000000087dc000 	/usr/lib/system/libquarantine.dylib
0x00000000087dc000 	/usr/lib/system/libremovefile.dylib
0x00000000087dc000 	/usr/lib/system/libsystem_blocks.dylib
0x00000000087dc000 	/usr/lib/system/libsystem_c.dylib
0x00000000087dc000 	/usr/lib/system/libsystem_dnssd.dylib
0x00000000087dc000 	/usr/lib/system/libsystem_info.dylib
0x00000000087dc000 	/usr/lib/system/libsystem_kernel.dylib
0x00000000087dc000 	/usr/lib/system/libsystem_m.dylib
0x00000000087dc000 	/usr/lib/system/libsystem_network.dylib
0x00000000087dc000 	/usr/lib/system/libsystem_notify.dylib
0x00000000087dc000 	/usr/lib/system/libsystem_sandbox.dylib
0x00000000087dc000 	/usr/lib/system/libunc.dylib
0x00000000087dc000 	/usr/lib/system/libunwind.dylib
0x00000000087dc000 	/usr/lib/system/libxpc.dylib
0x00000000087dc000 	/usr/lib/system/libcorecrypto.dylib
0x00000000087dc000 	/usr/lib/libstdc++.6.dylib
0x00000000087dc000 	/usr/lib/libbsm.0.dylib
0x00000000087dc000 	/usr/lib/libsqlite3.dylib
0x00000000087dc000 	/usr/lib/libxar.1.dylib
0x00000000087dc000 	/usr/lib/libpam.2.dylib
0x00000000087dc000 	/usr/lib/libOpenScriptingUtil.dylib
0x00000000087dc000 	/usr/lib/libbz2.1.0.dylib
0x00000000087dc000 	/System/Library/Frameworks/CoreServices.framework/Versions/A/Frameworks/CarbonCore.framework/Versions/A/CarbonCore
0x00000000087dc000 	/System/Library/Frameworks/CoreServices.framework/Versions/A/Frameworks/Metadata.framework/Versions/A/Metadata
0x00000000087dc000 	/System/Library/Frameworks/CoreServices.framework/Versions/A/Frameworks/OSServices.framework/Versions/A/OSServices
0x00000000087dc000 	/System/Library/Frameworks/CoreServices.framework/Versions/A/Frameworks/SearchKit.framework/Versions/A/SearchKit
0x00000000087dc000 	/System/Library/Frameworks/CoreServices.framework/Versions/A/Frameworks/AE.framework/Versions/A/AE
0x00000000087dc000 	/System/Library/Frameworks/CoreServices.framework/Versions/A/Frameworks/LaunchServices.framework/Versions/A/LaunchServices
0x00000000087dc000 	/System/Library/Frameworks/CoreServices.framework/Versions/A/Frameworks/DictionaryServices.framework/Versions/A/DictionaryServices
0x00000000087dc000 	/System/Library/Frameworks/NetFS.framework/Versions/A/NetFS
0x00000000087dc000 	/usr/lib/system/libkxld.dylib
0x00000000087dc000 	/System/Library/PrivateFrameworks/NetAuth.framework/Versions/A/NetAuth
0x00000000087dc000 	/System/Library/Frameworks/OpenDirectory.framework/Versions/A/Frameworks/CFOpenDirectory.framework/Versions/A/CFOpenDirectory
0x00000000087dc000 	/usr/lib/libxslt.1.dylib
0x00000000087dc000 	/System/Library/PrivateFrameworks/FamilyControls.framework/Versions/A/FamilyControls
0x00000000087dc000 	/System/Library/Frameworks/Carbon.framework/Versions/A/Frameworks/Ink.framework/Versions/A/Ink
0x00000000087dc000 	/System/Library/Frameworks/ApplicationServices.framework/Versions/A/Frameworks/CoreGraphics.framework/Versions/A/CoreGraphics
0x00000000087dc000 	/System/Library/Frameworks/ApplicationServices.framework/Versions/A/Frameworks/ATS.framework/Versions/A/ATS
0x00000000087dc000 	/System/Library/Frameworks/ApplicationServices.framework/Versions/A/Frameworks/ColorSync.framework/Versions/A/ColorSync
0x00000000087dc000 	/System/Library/Frameworks/ApplicationServices.framework/Versions/A/Frameworks/HIServices.framework/Versions/A/HIServices
0x00000000087dc000 	/System/Library/Frameworks/ApplicationServices.framework/Versions/A/Frameworks/LangAnalysis.framework/Versions/A/LangAnalysis
0x00000000087dc000 	/System/Library/Frameworks/ApplicationServices.framework/Versions/A/Frameworks/PrintCore.framework/Versions/A/PrintCore
0x00000000087dc000 	/System/Library/Frameworks/ApplicationServices.framework/Versions/A/Frameworks/QD.framework/Versions/A/QD
0x00000000087dc000 	/System/Library/Frameworks/ApplicationServices.framework/Versions/A/Frameworks/SpeechSynthesis.framework/Versions/A/SpeechSynthesis
0x00000000087dc000 	/System/Library/Frameworks/IOSurface.framework/Versions/A/IOSurface
0x00000000087dc000 	/System/Library/Frameworks/Accelerate.framework/Versions/A/Accelerate
0x00000000087dc000 	/System/Library/Frameworks/ApplicationServices.framework/Versions/A/Frameworks/ATS.framework/Versions/A/Resources/libFontParser.dylib
0x00000000087dc000 	/System/Library/Frameworks/ApplicationServices.framework/Versions/A/Frameworks/ATS.framework/Versions/A/Resources/libFontRegistry.dylib
0x00000000087dc000 	/System/Library/Frameworks/Accelerate.framework/Versions/A/Frameworks/vImage.framework/Versions/A/vImage
0x00000000087dc000 	/System/Library/Frameworks/Accelerate.framework/Versions/A/Frameworks/vecLib.framework/Versions/A/vecLib
0x00000000087dc000 	/System/Library/Frameworks/Accelerate.framework/Versions/A/Frameworks/vecLib.framework/Versions/A/libvDSP.dylib
0x00000000087dc000 	/System/Library/Frameworks/Accelerate.framework/Versions/A/Frameworks/vecLib.framework/Versions/A/libvMisc.dylib
0x00000000087dc000 	/System/Library/Frameworks/Accelerate.framework/Versions/A/Frameworks/vecLib.framework/Versions/A/libLAPACK.dylib
0x00000000087dc000 	/System/Library/Frameworks/Accelerate.framework/Versions/A/Frameworks/vecLib.framework/Versions/A/libBLAS.dylib
0x00000000087dc000 	/System/Library/Frameworks/ImageIO.framework/Versions/A/Resources/libJPEG.dylib
0x00000000087dc000 	/System/Library/Frameworks/ImageIO.framework/Versions/A/Resources/libTIFF.dylib
0x00000000087dc000 	/System/Library/Frameworks/ImageIO.framework/Versions/A/Resources/libPng.dylib
0x00000000087dc000 	/System/Library/Frameworks/ImageIO.framework/Versions/A/Resources/libGIF.dylib
0x00000000087dc000 	/System/Library/Frameworks/ImageIO.framework/Versions/A/Resources/libJP2.dylib
0x00000000087dc000 	/System/Library/Frameworks/ImageIO.framework/Versions/A/Resources/libRadiance.dylib
0x00000000087dc000 	/usr/lib/libcups.2.dylib
0x00000000087dc000 	/System/Library/Frameworks/Kerberos.framework/Versions/A/Kerberos
0x00000000087dc000 	/System/Library/Frameworks/GSS.framework/Versions/A/GSS
0x00000000087dc000 	/usr/lib/libresolv.9.dylib
0x00000000087dc000 	/usr/lib/libiconv.2.dylib
0x00000000087dc000 	/System/Library/PrivateFrameworks/Heimdal.framework/Versions/A/Heimdal
0x00000000087dc000 	/System/Library/PrivateFrameworks/TrustEvaluationAgent.framework/Versions/A/TrustEvaluationAgent
0x00000000087dc000 	/System/Library/Frameworks/OpenDirectory.framework/Versions/A/OpenDirectory
0x00000000087dc000 	/System/Library/PrivateFrameworks/CommonAuth.framework/Versions/A/CommonAuth
0x00000000087dc000 	/System/Library/PrivateFrameworks/Bom.framework/Versions/A/Bom
0x00000000087dc000 	/System/Library/Frameworks/CoreVideo.framework/Versions/A/CoreVideo
0x00000000087dc000 	/System/Library/Frameworks/QuartzCore.framework/Versions/A/Frameworks/CoreImage.framework/Versions/A/CoreImage
0x00000000087dc000 	/System/Library/Frameworks/QuartzCore.framework/Versions/A/Frameworks/ScalableUserInterface.framework/Versions/A/ScalableUserInterface
0x00000000087dc000 	/System/Library/Frameworks/OpenGL.framework/Versions/A/Libraries/libGLU.dylib
0x00000000087dc000 	/System/Library/Frameworks/OpenGL.framework/Versions/A/Libraries/libGFXShared.dylib
0x00000000087dc000 	/System/Library/Frameworks/OpenGL.framework/Versions/A/Libraries/libGL.dylib
0x00000000087dc000 	/System/Library/Frameworks/OpenGL.framework/Versions/A/Libraries/libGLImage.dylib
0x00000000087dc000 	/System/Library/Frameworks/OpenGL.framework/Versions/A/Libraries/libCVMSPluginSupport.dylib
0x00000000087dc000 	/System/Library/Frameworks/OpenGL.framework/Versions/A/Libraries/libCoreVMClient.dylib
0x00000000087dc000 	/System/Library/PrivateFrameworks/CrashReporterSupport.framework/Versions/A/CrashReporterSupport
0x00000000087dc000 	/System/Library/Frameworks/OpenCL.framework/Versions/A/OpenCL
0x00000000087dc000 	/System/Library/PrivateFrameworks/FaceCoreLight.framework/Versions/A/FaceCoreLight
0x00000000087dc000 	/System/Library/PrivateFrameworks/AppleFSCompression.framework/Versions/A/AppleFSCompression
0x00000000087dc000 	/System/Library/PrivateFrameworks/Ubiquity.framework/Versions/A/Ubiquity
0x00000000087dc000 	/System/Library/Frameworks/ServiceManagement.framework/Versions/A/ServiceManagement
0x00000000087dc000 	/System/Library/PrivateFrameworks/ChunkingLibrary.framework/Versions/A/ChunkingLibrary
0x00000000087dc000 	/System/Library/Frameworks/vecLib.framework/Versions/A/vecLib
0x00000000087dc000 	/System/Library/Frameworks/SecurityFoundation.framework/Versions/A/SecurityFoundation
0x00000000087dc000 	/System/Library/PrivateFrameworks/CommerceKit.framework/Versions/A/Frameworks/CommerceCore.framework/Versions/A/CommerceCore
0x00000000087dc000 	/System/Library/PrivateFrameworks/CoreSymbolication.framework/Versions/A/CoreSymbolication
0x00000000087dc000 	/System/Library/PrivateFrameworks/Symbolication.framework/Versions/A/Symbolication
0x00000000087dc000 	/System/Library/PrivateFrameworks/DebugSymbols.framework/Versions/A/DebugSymbols
0x000000010f3d6000 	/Library/Java/JavaVirtualMachines/jdk1.7.0_09.jdk/Contents/Home/jre/lib/server/libjvm.dylib
0x000000010ff80000 	/Library/Java/JavaVirtualMachines/jdk1.7.0_09.jdk/Contents/Home/jre/lib/libverify.dylib
0x000000010ff8d000 	/Library/Java/JavaVirtualMachines/jdk1.7.0_09.jdk/Contents/Home/jre/lib/libjava.dylib
0x000000010ffbe000 	/Library/Java/JavaVirtualMachines/jdk1.7.0_09.jdk/Contents/Home/jre/lib/libjdwp.dylib
0x000000010fffb000 	/Library/Java/JavaVirtualMachines/jdk1.7.0_09.jdk/Contents/Home/jre/lib/./libnpt.dylib
0x000000011008b000 	/Library/Java/JavaVirtualMachines/jdk1.7.0_09.jdk/Contents/Home/jre/lib/libzip.dylib
0x0000000172176000 	/System/Library/Frameworks/JavaVM.framework/Frameworks/JavaRuntimeSupport.framework/JavaRuntimeSupport
0x000000017218e000 	/System/Library/Frameworks/JavaVM.framework/Versions/A/Frameworks/JavaNativeFoundation.framework/Versions/A/JavaNativeFoundation
0x00000001721a3000 	/System/Library/Frameworks/JavaVM.framework/Versions/A/JavaVM
0x00000000087dc000 	/System/Library/Frameworks/Carbon.framework/Versions/A/Carbon
0x00000001721b0000 	/System/Library/PrivateFrameworks/JavaLaunching.framework/Versions/A/JavaLaunching
0x00000000087dc000 	/System/Library/Frameworks/Carbon.framework/Versions/A/Frameworks/CommonPanels.framework/Versions/A/CommonPanels
0x00000000087dc000 	/System/Library/Frameworks/Carbon.framework/Versions/A/Frameworks/Help.framework/Versions/A/Help
0x00000000087dc000 	/System/Library/Frameworks/Carbon.framework/Versions/A/Frameworks/ImageCapture.framework/Versions/A/ImageCapture
0x00000000087dc000 	/System/Library/Frameworks/Carbon.framework/Versions/A/Frameworks/OpenScripting.framework/Versions/A/OpenScripting
0x00000000087dc000 	/System/Library/Frameworks/Carbon.framework/Versions/A/Frameworks/Print.framework/Versions/A/Print
0x00000000087dc000 	/System/Library/Frameworks/Carbon.framework/Versions/A/Frameworks/SecurityHI.framework/Versions/A/SecurityHI
0x0000000113157000 	/Library/Java/JavaVirtualMachines/jdk1.7.0_09.jdk/Contents/Home/jre/lib/libdt_socket.dylib
0x0000000172c3a000 	/Library/Java/JavaVirtualMachines/jdk1.7.0_09.jdk/Contents/Home/jre/lib/libnet.dylib

VM Arguments:
jvm_args: -agentlib:jdwp=transport=dt_socket,suspend=y,address=localhost:57164 -Dfile.encoding=MacRoman 
java_command: org.eclipse.jdt.internal.junit.runner.RemoteTestRunner -version 3 -port 57163 -testLoaderClass org.eclipse.jdt.internal.junit4.runner.JUnit4TestLoader -loaderpluginname org.eclipse.jdt.junit4.runtime -test bnf.BnfTokenizerTest:testNext
Launcher Type: SUN_STANDARD

Environment Variables:
PATH=/usr/bin:/bin:/usr/sbin:/sbin
SHELL=/bin/bash

Signal Handlers:
SIGSEGV: [libjvm.dylib+0x4a3a1d], sa_mask[0]=0xfffefeff, sa_flags=0x00000042
SIGBUS: [libjvm.dylib+0x4a3a1d], sa_mask[0]=0xfffefeff, sa_flags=0x00000042
SIGFPE: [libjvm.dylib+0x3b3431], sa_mask[0]=0xfffefeff, sa_flags=0x00000042
SIGPIPE: [libjvm.dylib+0x3b3431], sa_mask[0]=0xfffefeff, sa_flags=0x00000042
SIGXFSZ: [libjvm.dylib+0x3b3431], sa_mask[0]=0xfffefeff, sa_flags=0x00000042
SIGILL: [libjvm.dylib+0x3b3431], sa_mask[0]=0xfffefeff, sa_flags=0x00000042
SIGUSR1: SIG_DFL, sa_mask[0]=0x00000000, sa_flags=0x00000002
SIGUSR2: [libjvm.dylib+0x3b2fca], sa_mask[0]=0x00000004, sa_flags=0x00000042
SIGHUP: [libjvm.dylib+0x3b122b], sa_mask[0]=0xfffefeff, sa_flags=0x00000042
SIGINT: [libjvm.dylib+0x3b122b], sa_mask[0]=0xfffefeff, sa_flags=0x00000042
SIGTERM: [libjvm.dylib+0x3b122b], sa_mask[0]=0xfffefeff, sa_flags=0x00000042
SIGQUIT: [libjvm.dylib+0x3b122b], sa_mask[0]=0xfffefeff, sa_flags=0x00000042


---------------  S Y S T E M  ---------------

OS:Bsduname:Darwin 12.0.0 Darwin Kernel Version 12.0.0: Sun Jun 24 23:00:16 PDT 2012; root:xnu-2050.7.9~1/RELEASE_X86_64 x86_64
rlimit: STACK 8192k, CORE 0k, NPROC 709, NOFILE 10240, AS infinity
load average:0.71 1.12 1.49

CPU:total 2 (2 cores per cpu, 1 threads per core) family 6 model 23 stepping 10, cmov, cx8, fxsr, mmx, sse, sse2, sse3, ssse3, sse4.1, tsc

Memory: 4k page, physical 5565304k(1391326k free)

/proc/meminfo:


vm_info: Java HotSpot(TM) 64-Bit Server VM (23.5-b02) for bsd-amd64 JRE (1.7.0_09-b05), built on Sep 24 2012 21:39:08 by "java_re" with gcc 4.2.1 (Based on Apple Inc. build 5658) (LLVM build 2336.9.00)

time: Thu Feb 14 17:05:12 2013
elapsed time: 57 seconds

