#
# A fatal error has been detected by the Java Runtime Environment:
#
#  SIGSEGV (0xb) at pc=0x000000011009fcdc, pid=29120, tid=19715
#
# JRE version: 7.0_09-b05
# Java VM: Java HotSpot(TM) 64-Bit Server VM (23.5-b02 mixed mode bsd-amd64 compressed oops)
# Problematic frame:
# V  [libjvm.dylib+0x25ecdc]
#
# Failed to write core dump. Core dumps have been disabled. To enable core dumping, try "ulimit -c unlimited" before starting Java again
#
# If you would like to submit a bug report, please visit:
#   http://bugreport.sun.com/bugreport/crash.jsp
#

---------------  T H R E A D  ---------------

Current thread (0x00007fa8b984f000):  JavaThread "JDWP Transport Listener: dt_socket" daemon [_thread_in_vm, id=19715, stack(0x0000000172ebc000,0x0000000172fbc000)]

siginfo:si_signo=SIGSEGV: si_errno=0, si_code=1 (SEGV_MAPERR), si_addr=0x000000000000000c

Registers:
RAX=0x0000000000000000, RBX=0x0000000151d8b128, RCX=0x000000000000000c, RDX=0x0000000000000000
RSP=0x0000000172fbba70, RBP=0x0000000172fbba70, RSI=0x00007fa8b8427e78, RDI=0x0000000151d8b128
R8 =0x0000000000000018, R9 =0x0000000000000018, R10=0x00007fa8b84a4440, R11=0x00007fa8b84a36b0
R12=0x00007fa8b984f000, R13=0x00007fa8b84a4700, R14=0x0000000000000000, R15=0x0000000000000000
RIP=0x000000011009fcdc, EFLAGS=0x0000000000010202, ERR=0x0000000000000004
  TRAPNO=0x000000000000000e

Top of Stack: (sp=0x0000000172fbba70)
0x0000000172fbba70:   0000000172fbbaa0 00000001100d0416
0x0000000172fbba80:   0000000000000000 0000000000000000
0x0000000172fbba90:   0000000151d8b128 00007fa8b984f1d8
0x0000000172fbbaa0:   0000000172fbbb10 00000001100dfc0d
0x0000000172fbbab0:   00007fa8b984f000 00007fa8b984f000
0x0000000172fbbac0:   0000000000000000 0000000000000000
0x0000000172fbbad0:   00007fa8b984f1d8 00007fa8b984f000
0x0000000172fbbae0:   00007fa8b984f000 0000000172fbbb68
0x0000000172fbbaf0:   00007fa8b8427e78 00007fa8b84a4700
0x0000000172fbbb00:   0000000172fbbcf0 00007fa8b984f1d8
0x0000000172fbbb10:   0000000172fbbb40 0000000110a3065e
0x0000000172fbbb20:   0000000172fbbcf0 0000000110a50da4
0x0000000172fbbb30:   0000000172fbbb68 0000000110a5c568
0x0000000172fbbb40:   0000000172fbbd60 0000000110a3775e
0x0000000172fbbb50:   0000138100000013 0000000000010a00
0x0000000172fbbb60:   00007fa8b84a2f70 0000000172fbbbb8
0x0000000172fbbb70:   00007fa80000012c 0000000172fbbb80
0x0000000172fbbb80:   00007fa800000000 0000000172fbbbb8
0x0000000172fbbb90:   0000000000000000 00007f0000000000
0x0000000172fbbba0:   0000138100000011 00007fff00001180
0x0000000172fbbbb0:   0000000172fbbbb8 0000015a01000000
0x0000000172fbbbc0:   0e00004000000000 0000000004000000
0x0000000172fbbbd0:   5702000000000000 0400000000000000
0x0000000172fbbbe0:   00000000090c0000 5902000009000000
0x0000000172fbbbf0:   0e00000000000000 00000e005a020000
0x0000000172fbbc00:   000102000c000000 0010000000000000
0x0000000172fbbc10:   00a08847b8a87f00 0025010000000000
0x0000000172fbbc20:   0103000c00000000 1200000000000000
0x0000000172fbbc30:   f88847b8a87f0000 7a00000000000000
0x0000000172fbbc40:   04000c0000000000 0000000000000001
0x0000000172fbbc50:   8947b8a87f000013 ffffffffffffff08
0x0000000172fbbc60:   000c0000000000ff 0000000000000105 

Instructions: (pc=0x000000011009fcdc)
0x000000011009fcbc:   eb 16 48 8d 35 6b 38 45 00 8a 4e 08 48 d3 e2 48
0x000000011009fccc:   03 16 eb 04 48 8b 14 0f 84 c0 0f 94 c0 0f b6 c0
0x000000011009fcdc:   8b 44 82 0c 5d c3 8b 04 07 5d c3 90 55 48 89 e5
0x000000011009fcec:   48 83 ec 10 48 83 ce 01 48 89 75 f0 8b 47 68 8b 

Register to memory mapping:

RAX=0x0000000000000000 is an unknown value
RBX=0x0000000151d8b128 is an oop
java.lang.String 
 - klass: 'java/lang/String'
RCX=0x000000000000000c is an unknown value
RDX=0x0000000000000000 is an unknown value
RSP=0x0000000172fbba70 is pointing into the stack for thread: 0x00007fa8b984f000
RBP=0x0000000172fbba70 is pointing into the stack for thread: 0x00007fa8b984f000
RSI=0x00007fa8b8427e78 is a global jni handle
RDI=0x0000000151d8b128 is an oop
java.lang.String 
 - klass: 'java/lang/String'
R8 =0x0000000000000018 is an unknown value
R9 =0x0000000000000018 is an unknown value
R10=0x00007fa8b84a4440 is an unknown value
R11=0x00007fa8b84a36b0 is an unknown value
R12=0x00007fa8b984f000 is a thread
R13=0x00007fa8b84a4700 is an unknown value
R14=0x0000000000000000 is an unknown value
R15=0x0000000000000000 is an unknown value


Stack: [0x0000000172ebc000,0x0000000172fbc000],  sp=0x0000000172fbba70,  free space=1022k
Native frames: (J=compiled Java code, j=interpreted, Vv=VM code, C=native code)
V  [libjvm.dylib+0x25ecdc]
V  [libjvm.dylib+0x28f416]
V  [libjvm.dylib+0x29ec0d]
C  [libjdwp.dylib+0x765e]  value+0x96
C  [libjdwp.dylib+0xe75e]  debugLoop_run+0x1ce
C  [libjdwp.dylib+0x1f1ba]  attachThread+0x4d
V  [libjvm.dylib+0x30ba86]
V  [libjvm.dylib+0x478694]
V  [libjvm.dylib+0x479b7a]
V  [libjvm.dylib+0x3b5595]
C  [libsystem_c.dylib+0x14782]  _pthread_start+0x147
C  [libsystem_c.dylib+0x11c1]  thread_start+0xd


---------------  P R O C E S S  ---------------

Java Threads: ( => current thread )
  0x00007fa8b99aa000 JavaThread "ReaderThread" [_thread_in_native, id=21507, stack(0x0000000173680000,0x0000000173780000)]
  0x00007fa8b886d800 JavaThread "Service Thread" daemon [_thread_blocked, id=20995, stack(0x00000001733cb000,0x00000001734cb000)]
  0x00007fa8b8864800 JavaThread "C2 CompilerThread1" daemon [_thread_blocked, id=20739, stack(0x00000001732c8000,0x00000001733c8000)]
  0x00007fa8b885a800 JavaThread "C2 CompilerThread0" daemon [_thread_blocked, id=20483, stack(0x00000001731c5000,0x00000001732c5000)]
  0x00007fa8b8859800 JavaThread "JDWP Command Reader" daemon [_thread_in_native, id=20227, stack(0x00000001730c2000,0x00000001731c2000)]
  0x00007fa8b9850000 JavaThread "JDWP Event Helper Thread" daemon [_thread_blocked, id=19971, stack(0x0000000172fbf000,0x00000001730bf000)]
=>0x00007fa8b984f000 JavaThread "JDWP Transport Listener: dt_socket" daemon [_thread_in_vm, id=19715, stack(0x0000000172ebc000,0x0000000172fbc000)]
  0x00007fa8b8852800 JavaThread "Signal Dispatcher" daemon [_thread_blocked, id=19211, stack(0x0000000172db3000,0x0000000172eb3000)]
  0x00007fa8b883a000 JavaThread "Finalizer" daemon [_thread_blocked, id=15107, stack(0x0000000172ad4000,0x0000000172bd4000)]
  0x00007fa8b8834000 JavaThread "Reference Handler" daemon [_thread_blocked, id=14851, stack(0x00000001729d1000,0x0000000172ad1000)]
  0x00007fa8b9800800 JavaThread "main" [_thread_blocked, id=5891, stack(0x00000001108e9000,0x00000001109e9000)]

Other Threads:
  0x00007fa8b8831800 VMThread [stack: 0x00000001728ce000,0x00000001729ce000] [id=14595]
  0x00007fa8b8876000 WatcherThread [stack: 0x00000001734ce000,0x00000001735ce000] [id=21251]

VM state:not at safepoint (normal execution)

VM Mutex/Monitor currently owned by a thread: None

Heap
 PSYoungGen      total 25408K, used 5242K [0x0000000151880000, 0x00000001534d0000, 0x000000016ddd0000)
  eden space 21824K, 24% used [0x0000000151880000,0x0000000151d9eb00,0x0000000152dd0000)
  from space 3584K, 0% used [0x0000000153150000,0x0000000153150000,0x00000001534d0000)
  to   space 3584K, 0% used [0x0000000152dd0000,0x0000000152dd0000,0x0000000153150000)
 ParOldGen       total 58048K, used 0K [0x0000000118dd0000, 0x000000011c680000, 0x0000000151880000)
  object space 58048K, 0% used [0x0000000118dd0000,0x0000000118dd0000,0x000000011c680000)
 PSPermGen       total 21248K, used 5458K [0x0000000113bd0000, 0x0000000115090000, 0x0000000118dd0000)
  object space 21248K, 25% used [0x0000000113bd0000,0x0000000114124b98,0x0000000115090000)

Card table byte_map: [0x000000016ddd0000,0x000000016e0a2000] byte_map_base: 0x000000016d532180

Polling page: 0x0000000110a28000

Code Cache  [0x0000000110aff000, 0x0000000110d6f000, 0x0000000113aff000)
 total_blobs=241 nmethods=24 adapters=178 free_code_cache=48700Kb largest_free_block=49845504

Compilation events (10 events):
Event: 0.820 Thread 0x00007fa8b885a800 nmethod 20 0x0000000110b6b390 code [0x0000000110b6b4e0, 0x0000000110b6b778]
Event: 0.820 Thread 0x00007fa8b885a800   21             sun.net.www.ParseUtil::encodePath (336 bytes)
Event: 0.826 Thread 0x00007fa8b8864800 nmethod 19 0x0000000110b6a450 code [0x0000000110b6a5c0, 0x0000000110b6b0e8]
Event: 0.826 Thread 0x00007fa8b8864800   22             java.lang.String::replace (127 bytes)
Event: 0.887 Thread 0x00007fa8b8864800 nmethod 22 0x0000000110b6eb90 code [0x0000000110b6ed00, 0x0000000110b6f218]
Event: 0.922 Thread 0x00007fa8b885a800 nmethod 21 0x0000000110b73a50 code [0x0000000110b73cc0, 0x0000000110b74f98]
Event: 0.953 Thread 0x00007fa8b8864800   23             java.io.DataOutputStream::writeUTF (435 bytes)
Event: 0.968 Thread 0x00007fa8b885a800   24             java.lang.Math::min (11 bytes)
Event: 0.972 Thread 0x00007fa8b885a800 nmethod 24 0x0000000110b6a290 code [0x0000000110b6a3c0, 0x0000000110b6a3f8]
Event: 1.001 Thread 0x00007fa8b8864800 nmethod 23 0x0000000110b700d0 code [0x0000000110b70280, 0x0000000110b71008]

GC Heap History (0 events):
No events

Deoptimization events (0 events):
No events

Internal exceptions (10 events):
Event: 0.994 Thread 0x00007fa8b9800800 Threw 0x0000000151d62d08 at /HUDSON/workspace/jdk7u9-2-build-macosx-amd64-product/jdk7u9/hotspot/src/share/vm/prims/jvm.cpp:1166
Event: 0.995 Thread 0x00007fa8b9800800 Threw 0x0000000151d66580 at /HUDSON/workspace/jdk7u9-2-build-macosx-amd64-product/jdk7u9/hotspot/src/share/vm/prims/jvm.cpp:1166
Event: 0.997 Thread 0x00007fa8b9800800 Threw 0x0000000151d6b158 at /HUDSON/workspace/jdk7u9-2-build-macosx-amd64-product/jdk7u9/hotspot/src/share/vm/prims/jvm.cpp:1166
Event: 0.998 Thread 0x00007fa8b9800800 Threw 0x0000000151d6fa28 at /HUDSON/workspace/jdk7u9-2-build-macosx-amd64-product/jdk7u9/hotspot/src/share/vm/prims/jvm.cpp:1166
Event: 1.000 Thread 0x00007fa8b9800800 Threw 0x0000000151d73fc8 at /HUDSON/workspace/jdk7u9-2-build-macosx-amd64-product/jdk7u9/hotspot/src/share/vm/prims/jvm.cpp:1166
Event: 1.001 Thread 0x00007fa8b9800800 Threw 0x0000000151d77e48 at /HUDSON/workspace/jdk7u9-2-build-macosx-amd64-product/jdk7u9/hotspot/src/share/vm/prims/jvm.cpp:1166
Event: 1.003 Thread 0x00007fa8b9800800 Threw 0x0000000151d7ccd8 at /HUDSON/workspace/jdk7u9-2-build-macosx-amd64-product/jdk7u9/hotspot/src/share/vm/prims/jvm.cpp:1166
Event: 1.017 Thread 0x00007fa8b9800800 Threw 0x0000000151d81498 at /HUDSON/workspace/jdk7u9-2-build-macosx-amd64-product/jdk7u9/hotspot/src/share/vm/prims/jvm.cpp:1166
Event: 1.018 Thread 0x00007fa8b9800800 Threw 0x0000000151d83cf8 at /HUDSON/workspace/jdk7u9-2-build-macosx-amd64-product/jdk7u9/hotspot/src/share/vm/prims/jvm.cpp:1166
Event: 1.019 Thread 0x00007fa8b9800800 Threw 0x0000000151d86b78 at /HUDSON/workspace/jdk7u9-2-build-macosx-amd64-product/jdk7u9/hotspot/src/share/vm/prims/jvm.cpp:1166

Events (10 events):
Event: 22.674 Executing VM operation: ChangeSingleStep
Event: 22.674 Executing VM operation: ChangeSingleStep done
Event: 22.887 Executing VM operation: GetOrSetLocal
Event: 22.887 Executing VM operation: GetOrSetLocal done
Event: 23.487 Executing VM operation: GetOrSetLocal
Event: 23.487 Executing VM operation: GetOrSetLocal done
Event: 23.491 Executing VM operation: GetOrSetLocal
Event: 23.491 Executing VM operation: GetOrSetLocal done
Event: 23.493 Executing VM operation: GetOrSetLocal
Event: 23.493 Executing VM operation: GetOrSetLocal done


Dynamic libraries:
0x00000000087dc000 	/System/Library/Frameworks/Cocoa.framework/Versions/A/Cocoa
0x00000000087dc000 	/System/Library/Frameworks/Security.framework/Versions/A/Security
0x00000000087dc000 	/System/Library/Frameworks/ApplicationServices.framework/Versions/A/ApplicationServices
0x00000000087dc000 	/usr/lib/libz.1.dylib
0x00000000087dc000 	/usr/lib/libSystem.B.dylib
0x00000000087dc000 	/usr/lib/libobjc.A.dylib
0x00000000087dc000 	/System/Library/Frameworks/CoreFoundation.framework/Versions/A/CoreFoundation
0x00000000087dc000 	/System/Library/Frameworks/AppKit.framework/Versions/C/AppKit
0x00000000087dc000 	/System/Library/Frameworks/CoreData.framework/Versions/A/CoreData
0x00000000087dc000 	/System/Library/Frameworks/Foundation.framework/Versions/C/Foundation
0x00000000087dc000 	/System/Library/PrivateFrameworks/RemoteViewServices.framework/Versions/A/RemoteViewServices
0x00000000087dc000 	/System/Library/Frameworks/AudioToolbox.framework/Versions/A/AudioToolbox
0x00000000087dc000 	/System/Library/Frameworks/AudioUnit.framework/Versions/A/AudioUnit
0x00000000087dc000 	/System/Library/PrivateFrameworks/DataDetectorsCore.framework/Versions/A/DataDetectorsCore
0x00000000087dc000 	/System/Library/PrivateFrameworks/DesktopServicesPriv.framework/Versions/A/DesktopServicesPriv
0x00000000087dc000 	/System/Library/Frameworks/Carbon.framework/Versions/A/Frameworks/HIToolbox.framework/Versions/A/HIToolbox
0x00000000087dc000 	/System/Library/Frameworks/QuartzCore.framework/Versions/A/QuartzCore
0x00000000087dc000 	/System/Library/Frameworks/Carbon.framework/Versions/A/Frameworks/SpeechRecognition.framework/Versions/A/SpeechRecognition
0x00000000087dc000 	/usr/lib/libauto.dylib
0x00000000087dc000 	/usr/lib/libicucore.A.dylib
0x00000000087dc000 	/usr/lib/libxml2.2.dylib
0x00000000087dc000 	/System/Library/PrivateFrameworks/CoreUI.framework/Versions/A/CoreUI
0x00000000087dc000 	/System/Library/Frameworks/CoreAudio.framework/Versions/A/CoreAudio
0x00000000087dc000 	/System/Library/Frameworks/DiskArbitration.framework/Versions/A/DiskArbitration
0x00000000087dc000 	/usr/lib/liblangid.dylib
0x00000000087dc000 	/System/Library/PrivateFrameworks/MultitouchSupport.framework/Versions/A/MultitouchSupport
0x00000000087dc000 	/System/Library/Frameworks/IOKit.framework/Versions/A/IOKit
0x00000000087dc000 	/usr/lib/libDiagnosticMessagesClient.dylib
0x00000000087dc000 	/System/Library/Frameworks/CoreServices.framework/Versions/A/CoreServices
0x00000000087dc000 	/System/Library/PrivateFrameworks/PerformanceAnalysis.framework/Versions/A/PerformanceAnalysis
0x00000000087dc000 	/System/Library/PrivateFrameworks/GenerationalStorage.framework/Versions/A/GenerationalStorage
0x00000000087dc000 	/System/Library/Frameworks/OpenGL.framework/Versions/A/OpenGL
0x00000000087dc000 	/System/Library/Frameworks/CoreText.framework/Versions/A/CoreText
0x00000000087dc000 	/System/Library/Frameworks/ImageIO.framework/Versions/A/ImageIO
0x00000000087dc000 	/System/Library/PrivateFrameworks/Backup.framework/Versions/A/Backup
0x00000000087dc000 	/System/Library/Frameworks/CFNetwork.framework/Versions/A/CFNetwork
0x00000000087dc000 	/System/Library/Frameworks/SystemConfiguration.framework/Versions/A/SystemConfiguration
0x00000000087dc000 	/usr/lib/libCRFSuite.dylib
0x00000000087dc000 	/System/Library/PrivateFrameworks/TCC.framework/Versions/A/TCC
0x00000000087dc000 	/usr/lib/libc++.1.dylib
0x00000000087dc000 	/usr/lib/libc++abi.dylib
0x00000000087dc000 	/usr/lib/system/libcache.dylib
0x00000000087dc000 	/usr/lib/system/libcommonCrypto.dylib
0x00000000087dc000 	/usr/lib/system/libcompiler_rt.dylib
0x00000000087dc000 	/usr/lib/system/libcopyfile.dylib
0x00000000087dc000 	/usr/lib/system/libdispatch.dylib
0x00000000087dc000 	/usr/lib/system/libdnsinfo.dylib
0x00000000087dc000 	/usr/lib/system/libdyld.dylib
0x00000000087dc000 	/usr/lib/system/libkeymgr.dylib
0x00000000087dc000 	/usr/lib/system/liblaunch.dylib
0x00000000087dc000 	/usr/lib/system/libmacho.dylib
0x00000000087dc000 	/usr/lib/system/libquarantine.dylib
0x00000000087dc000 	/usr/lib/system/libremovefile.dylib
0x00000000087dc000 	/usr/lib/system/libsystem_blocks.dylib
0x00000000087dc000 	/usr/lib/system/libsystem_c.dylib
0x00000000087dc000 	/usr/lib/system/libsystem_dnssd.dylib
0x00000000087dc000 	/usr/lib/system/libsystem_info.dylib
0x00000000087dc000 	/usr/lib/system/libsystem_kernel.dylib
0x00000000087dc000 	/usr/lib/system/libsystem_m.dylib
0x00000000087dc000 	/usr/lib/system/libsystem_network.dylib
0x00000000087dc000 	/usr/lib/system/libsystem_notify.dylib
0x00000000087dc000 	/usr/lib/system/libsystem_sandbox.dylib
0x00000000087dc000 	/usr/lib/system/libunc.dylib
0x00000000087dc000 	/usr/lib/system/libunwind.dylib
0x00000000087dc000 	/usr/lib/system/libxpc.dylib
0x00000000087dc000 	/usr/lib/system/libcorecrypto.dylib
0x00000000087dc000 	/usr/lib/libstdc++.6.dylib
0x00000000087dc000 	/usr/lib/libbsm.0.dylib
0x00000000087dc000 	/usr/lib/libsqlite3.dylib
0x00000000087dc000 	/usr/lib/libxar.1.dylib
0x00000000087dc000 	/usr/lib/libpam.2.dylib
0x00000000087dc000 	/usr/lib/libOpenScriptingUtil.dylib
0x00000000087dc000 	/usr/lib/libbz2.1.0.dylib
0x00000000087dc000 	/System/Library/Frameworks/CoreServices.framework/Versions/A/Frameworks/CarbonCore.framework/Versions/A/CarbonCore
0x00000000087dc000 	/System/Library/Frameworks/CoreServices.framework/Versions/A/Frameworks/Metadata.framework/Versions/A/Metadata
0x00000000087dc000 	/System/Library/Frameworks/CoreServices.framework/Versions/A/Frameworks/OSServices.framework/Versions/A/OSServices
0x00000000087dc000 	/System/Library/Frameworks/CoreServices.framework/Versions/A/Frameworks/SearchKit.framework/Versions/A/SearchKit
0x00000000087dc000 	/System/Library/Frameworks/CoreServices.framework/Versions/A/Frameworks/AE.framework/Versions/A/AE
0x00000000087dc000 	/System/Library/Frameworks/CoreServices.framework/Versions/A/Frameworks/LaunchServices.framework/Versions/A/LaunchServices
0x00000000087dc000 	/System/Library/Frameworks/CoreServices.framework/Versions/A/Frameworks/DictionaryServices.framework/Versions/A/DictionaryServices
0x00000000087dc000 	/System/Library/Frameworks/NetFS.framework/Versions/A/NetFS
0x00000000087dc000 	/usr/lib/system/libkxld.dylib
0x00000000087dc000 	/System/Library/PrivateFrameworks/NetAuth.framework/Versions/A/NetAuth
0x00000000087dc000 	/System/Library/Frameworks/OpenDirectory.framework/Versions/A/Frameworks/CFOpenDirectory.framework/Versions/A/CFOpenDirectory
0x00000000087dc000 	/usr/lib/libxslt.1.dylib
0x00000000087dc000 	/System/Library/PrivateFrameworks/FamilyControls.framework/Versions/A/FamilyControls
0x00000000087dc000 	/System/Library/Frameworks/Carbon.framework/Versions/A/Frameworks/Ink.framework/Versions/A/Ink
0x00000000087dc000 	/System/Library/Frameworks/ApplicationServices.framework/Versions/A/Frameworks/CoreGraphics.framework/Versions/A/CoreGraphics
0x00000000087dc000 	/System/Library/Frameworks/ApplicationServices.framework/Versions/A/Frameworks/ATS.framework/Versions/A/ATS
0x00000000087dc000 	/System/Library/Frameworks/ApplicationServices.framework/Versions/A/Frameworks/ColorSync.framework/Versions/A/ColorSync
0x00000000087dc000 	/System/Library/Frameworks/ApplicationServices.framework/Versions/A/Frameworks/HIServices.framework/Versions/A/HIServices
0x00000000087dc000 	/System/Library/Frameworks/ApplicationServices.framework/Versions/A/Frameworks/LangAnalysis.framework/Versions/A/LangAnalysis
0x00000000087dc000 	/System/Library/Frameworks/ApplicationServices.framework/Versions/A/Frameworks/PrintCore.framework/Versions/A/PrintCore
0x00000000087dc000 	/System/Library/Frameworks/ApplicationServices.framework/Versions/A/Frameworks/QD.framework/Versions/A/QD
0x00000000087dc000 	/System/Library/Frameworks/ApplicationServices.framework/Versions/A/Frameworks/SpeechSynthesis.framework/Versions/A/SpeechSynthesis
0x00000000087dc000 	/System/Library/Frameworks/IOSurface.framework/Versions/A/IOSurface
0x00000000087dc000 	/System/Library/Frameworks/Accelerate.framework/Versions/A/Accelerate
0x00000000087dc000 	/System/Library/Frameworks/ApplicationServices.framework/Versions/A/Frameworks/ATS.framework/Versions/A/Resources/libFontParser.dylib
0x00000000087dc000 	/System/Library/Frameworks/ApplicationServices.framework/Versions/A/Frameworks/ATS.framework/Versions/A/Resources/libFontRegistry.dylib
0x00000000087dc000 	/System/Library/Frameworks/Accelerate.framework/Versions/A/Frameworks/vImage.framework/Versions/A/vImage
0x00000000087dc000 	/System/Library/Frameworks/Accelerate.framework/Versions/A/Frameworks/vecLib.framework/Versions/A/vecLib
0x00000000087dc000 	/System/Library/Frameworks/Accelerate.framework/Versions/A/Frameworks/vecLib.framework/Versions/A/libvDSP.dylib
0x00000000087dc000 	/System/Library/Frameworks/Accelerate.framework/Versions/A/Frameworks/vecLib.framework/Versions/A/libvMisc.dylib
0x00000000087dc000 	/System/Library/Frameworks/Accelerate.framework/Versions/A/Frameworks/vecLib.framework/Versions/A/libLAPACK.dylib
0x00000000087dc000 	/System/Library/Frameworks/Accelerate.framework/Versions/A/Frameworks/vecLib.framework/Versions/A/libBLAS.dylib
0x00000000087dc000 	/System/Library/Frameworks/ImageIO.framework/Versions/A/Resources/libJPEG.dylib
0x00000000087dc000 	/System/Library/Frameworks/ImageIO.framework/Versions/A/Resources/libTIFF.dylib
0x00000000087dc000 	/System/Library/Frameworks/ImageIO.framework/Versions/A/Resources/libPng.dylib
0x00000000087dc000 	/System/Library/Frameworks/ImageIO.framework/Versions/A/Resources/libGIF.dylib
0x00000000087dc000 	/System/Library/Frameworks/ImageIO.framework/Versions/A/Resources/libJP2.dylib
0x00000000087dc000 	/System/Library/Frameworks/ImageIO.framework/Versions/A/Resources/libRadiance.dylib
0x00000000087dc000 	/usr/lib/libcups.2.dylib
0x00000000087dc000 	/System/Library/Frameworks/Kerberos.framework/Versions/A/Kerberos
0x00000000087dc000 	/System/Library/Frameworks/GSS.framework/Versions/A/GSS
0x00000000087dc000 	/usr/lib/libresolv.9.dylib
0x00000000087dc000 	/usr/lib/libiconv.2.dylib
0x00000000087dc000 	/System/Library/PrivateFrameworks/Heimdal.framework/Versions/A/Heimdal
0x00000000087dc000 	/System/Library/PrivateFrameworks/TrustEvaluationAgent.framework/Versions/A/TrustEvaluationAgent
0x00000000087dc000 	/System/Library/Frameworks/OpenDirectory.framework/Versions/A/OpenDirectory
0x00000000087dc000 	/System/Library/PrivateFrameworks/CommonAuth.framework/Versions/A/CommonAuth
0x00000000087dc000 	/System/Library/PrivateFrameworks/Bom.framework/Versions/A/Bom
0x00000000087dc000 	/System/Library/Frameworks/CoreVideo.framework/Versions/A/CoreVideo
0x00000000087dc000 	/System/Library/Frameworks/QuartzCore.framework/Versions/A/Frameworks/CoreImage.framework/Versions/A/CoreImage
0x00000000087dc000 	/System/Library/Frameworks/QuartzCore.framework/Versions/A/Frameworks/ScalableUserInterface.framework/Versions/A/ScalableUserInterface
0x00000000087dc000 	/System/Library/Frameworks/OpenGL.framework/Versions/A/Libraries/libGLU.dylib
0x00000000087dc000 	/System/Library/Frameworks/OpenGL.framework/Versions/A/Libraries/libGFXShared.dylib
0x00000000087dc000 	/System/Library/Frameworks/OpenGL.framework/Versions/A/Libraries/libGL.dylib
0x00000000087dc000 	/System/Library/Frameworks/OpenGL.framework/Versions/A/Libraries/libGLImage.dylib
0x00000000087dc000 	/System/Library/Frameworks/OpenGL.framework/Versions/A/Libraries/libCVMSPluginSupport.dylib
0x00000000087dc000 	/System/Library/Frameworks/OpenGL.framework/Versions/A/Libraries/libCoreVMClient.dylib
0x00000000087dc000 	/System/Library/PrivateFrameworks/CrashReporterSupport.framework/Versions/A/CrashReporterSupport
0x00000000087dc000 	/System/Library/Frameworks/OpenCL.framework/Versions/A/OpenCL
0x00000000087dc000 	/System/Library/PrivateFrameworks/FaceCoreLight.framework/Versions/A/FaceCoreLight
0x00000000087dc000 	/System/Library/PrivateFrameworks/AppleFSCompression.framework/Versions/A/AppleFSCompression
0x00000000087dc000 	/System/Library/PrivateFrameworks/Ubiquity.framework/Versions/A/Ubiquity
0x00000000087dc000 	/System/Library/Frameworks/ServiceManagement.framework/Versions/A/ServiceManagement
0x00000000087dc000 	/System/Library/PrivateFrameworks/ChunkingLibrary.framework/Versions/A/ChunkingLibrary
0x00000000087dc000 	/System/Library/Frameworks/vecLib.framework/Versions/A/vecLib
0x00000000087dc000 	/System/Library/Frameworks/SecurityFoundation.framework/Versions/A/SecurityFoundation
0x00000000087dc000 	/System/Library/PrivateFrameworks/CommerceKit.framework/Versions/A/Frameworks/CommerceCore.framework/Versions/A/CommerceCore
0x00000000087dc000 	/System/Library/PrivateFrameworks/CoreSymbolication.framework/Versions/A/CoreSymbolication
0x00000000087dc000 	/System/Library/PrivateFrameworks/Symbolication.framework/Versions/A/Symbolication
0x00000000087dc000 	/System/Library/PrivateFrameworks/DebugSymbols.framework/Versions/A/DebugSymbols
0x000000010fe41000 	/Library/Java/JavaVirtualMachines/jdk1.7.0_09.jdk/Contents/Home/jre/lib/server/libjvm.dylib
0x00000001109eb000 	/Library/Java/JavaVirtualMachines/jdk1.7.0_09.jdk/Contents/Home/jre/lib/libverify.dylib
0x00000001109f8000 	/Library/Java/JavaVirtualMachines/jdk1.7.0_09.jdk/Contents/Home/jre/lib/libjava.dylib
0x0000000110a29000 	/Library/Java/JavaVirtualMachines/jdk1.7.0_09.jdk/Contents/Home/jre/lib/libjdwp.dylib
0x0000000110a66000 	/Library/Java/JavaVirtualMachines/jdk1.7.0_09.jdk/Contents/Home/jre/lib/./libnpt.dylib
0x0000000110af6000 	/Library/Java/JavaVirtualMachines/jdk1.7.0_09.jdk/Contents/Home/jre/lib/libzip.dylib
0x0000000172bd6000 	/System/Library/Frameworks/JavaVM.framework/Frameworks/JavaRuntimeSupport.framework/JavaRuntimeSupport
0x0000000172bee000 	/System/Library/Frameworks/JavaVM.framework/Versions/A/Frameworks/JavaNativeFoundation.framework/Versions/A/JavaNativeFoundation
0x0000000172c03000 	/System/Library/Frameworks/JavaVM.framework/Versions/A/JavaVM
0x00000000087dc000 	/System/Library/Frameworks/Carbon.framework/Versions/A/Carbon
0x0000000172c10000 	/System/Library/PrivateFrameworks/JavaLaunching.framework/Versions/A/JavaLaunching
0x00000000087dc000 	/System/Library/Frameworks/Carbon.framework/Versions/A/Frameworks/CommonPanels.framework/Versions/A/CommonPanels
0x00000000087dc000 	/System/Library/Frameworks/Carbon.framework/Versions/A/Frameworks/Help.framework/Versions/A/Help
0x00000000087dc000 	/System/Library/Frameworks/Carbon.framework/Versions/A/Frameworks/ImageCapture.framework/Versions/A/ImageCapture
0x00000000087dc000 	/System/Library/Frameworks/Carbon.framework/Versions/A/Frameworks/OpenScripting.framework/Versions/A/OpenScripting
0x00000000087dc000 	/System/Library/Frameworks/Carbon.framework/Versions/A/Frameworks/Print.framework/Versions/A/Print
0x00000000087dc000 	/System/Library/Frameworks/Carbon.framework/Versions/A/Frameworks/SecurityHI.framework/Versions/A/SecurityHI
0x0000000172eb5000 	/Library/Java/JavaVirtualMachines/jdk1.7.0_09.jdk/Contents/Home/jre/lib/libdt_socket.dylib
0x0000000173622000 	/Library/Java/JavaVirtualMachines/jdk1.7.0_09.jdk/Contents/Home/jre/lib/libnet.dylib

VM Arguments:
jvm_args: -agentlib:jdwp=transport=dt_socket,suspend=y,address=localhost:57158 -Dfile.encoding=MacRoman 
java_command: org.eclipse.jdt.internal.junit.runner.RemoteTestRunner -version 3 -port 57157 -testLoaderClass org.eclipse.jdt.internal.junit4.runner.JUnit4TestLoader -loaderpluginname org.eclipse.jdt.junit4.runtime -test bnf.BnfTokenizerTest:testNext
Launcher Type: SUN_STANDARD

Environment Variables:
PATH=/usr/bin:/bin:/usr/sbin:/sbin
SHELL=/bin/bash

Signal Handlers:
SIGSEGV: [libjvm.dylib+0x4a3a1d], sa_mask[0]=0xfffefeff, sa_flags=0x00000042
SIGBUS: [libjvm.dylib+0x4a3a1d], sa_mask[0]=0xfffefeff, sa_flags=0x00000042
SIGFPE: [libjvm.dylib+0x3b3431], sa_mask[0]=0xfffefeff, sa_flags=0x00000042
SIGPIPE: [libjvm.dylib+0x3b3431], sa_mask[0]=0xfffefeff, sa_flags=0x00000042
SIGXFSZ: [libjvm.dylib+0x3b3431], sa_mask[0]=0xfffefeff, sa_flags=0x00000042
SIGILL: [libjvm.dylib+0x3b3431], sa_mask[0]=0xfffefeff, sa_flags=0x00000042
SIGUSR1: SIG_DFL, sa_mask[0]=0x00000000, sa_flags=0x00000002
SIGUSR2: [libjvm.dylib+0x3b2fca], sa_mask[0]=0x00000004, sa_flags=0x00000042
SIGHUP: [libjvm.dylib+0x3b122b], sa_mask[0]=0xfffefeff, sa_flags=0x00000042
SIGINT: [libjvm.dylib+0x3b122b], sa_mask[0]=0xfffefeff, sa_flags=0x00000042
SIGTERM: [libjvm.dylib+0x3b122b], sa_mask[0]=0xfffefeff, sa_flags=0x00000042
SIGQUIT: [libjvm.dylib+0x3b122b], sa_mask[0]=0xfffefeff, sa_flags=0x00000042


---------------  S Y S T E M  ---------------

OS:Bsduname:Darwin 12.0.0 Darwin Kernel Version 12.0.0: Sun Jun 24 23:00:16 PDT 2012; root:xnu-2050.7.9~1/RELEASE_X86_64 x86_64
rlimit: STACK 8192k, CORE 0k, NPROC 709, NOFILE 10240, AS infinity
load average:0.68 1.22 1.57

CPU:total 2 (2 cores per cpu, 1 threads per core) family 6 model 23 stepping 10, cmov, cx8, fxsr, mmx, sse, sse2, sse3, ssse3, sse4.1, tsc

Memory: 4k page, physical 5568504k(1392126k free)

/proc/meminfo:


vm_info: Java HotSpot(TM) 64-Bit Server VM (23.5-b02) for bsd-amd64 JRE (1.7.0_09-b05), built on Sep 24 2012 21:39:08 by "java_re" with gcc 4.2.1 (Based on Apple Inc. build 5658) (LLVM build 2336.9.00)

time: Thu Feb 14 17:03:49 2013
elapsed time: 23 seconds

